<?xml version="1.0" encoding="UTF-8"?>
<!-- Generated by org.testng.reporters.JUnitXMLReporter -->
<testsuite hostname="Prateeks-PC" name="Test" tests="14" failures="0" timestamp="22 May 2021 06:24:50 GMT" time="0.244" errors="0">
  <testcase name="@BeforeMethod setUp" time="0.0" classname="com.blazedemo.test.HomePageTest">
    <failure type="java.lang.IllegalStateException" message="The driver executable does not exist: C:\Users\prate\workspace\BalzeDemoAutomation\src\main\java\com\blazedemo\executaable\chromedriver_win32.zip">
      <![CDATA[java.lang.IllegalStateException: The driver executable does not exist: C:\Users\prate\workspace\BalzeDemoAutomation\src\main\java\com\blazedemo\executaable\chromedriver_win32.zip
	at com.google.common.base.Preconditions.checkState(Preconditions.java:585)
	at org.openqa.selenium.remote.service.DriverService.checkExecutable(DriverService.java:146)
	at org.openqa.selenium.remote.service.DriverService.findExecutable(DriverService.java:141)
	at org.openqa.selenium.chrome.ChromeDriverService.access$000(ChromeDriverService.java:35)
	at org.openqa.selenium.chrome.ChromeDriverService$Builder.findDefaultExecutable(ChromeDriverService.java:159)
	at org.openqa.selenium.remote.service.DriverService$Builder.build(DriverService.java:355)
	at org.openqa.selenium.chrome.ChromeDriverService.createDefaultService(ChromeDriverService.java:94)
	at org.openqa.selenium.chrome.ChromeDriver.<init>(ChromeDriver.java:123)
	at com.blazedemo.base.Base.Initlialize(Base.java:44)
	at com.blazedemo.test.HomePageTest.setUp(HomePageTest.java:38)
... Removed 27 stack frames]]>
    </failure>
  </testcase> <!-- @BeforeMethod setUp -->
  <testcase name="@AfterMethod tearDown" time="0.0" classname="com.blazedemo.test.HomePageTest">
    <skipped/>
  </testcase> <!-- @AfterMethod tearDown -->
  <testcase name="@BeforeMethod setUp" time="0.0" classname="com.blazedemo.test.HomePageTest">
    <skipped/>
  </testcase> <!-- @BeforeMethod setUp -->
  <testcase name="@AfterMethod tearDown" time="0.0" classname="com.blazedemo.test.HomePageTest">
    <skipped/>
  </testcase> <!-- @AfterMethod tearDown -->
  <testcase name="@BeforeMethod setUp" time="0.0" classname="com.blazedemo.test.HomePageTest">
    <skipped/>
  </testcase> <!-- @BeforeMethod setUp -->
  <testcase name="@AfterMethod tearDown" time="0.0" classname="com.blazedemo.test.HomePageTest">
    <skipped/>
  </testcase> <!-- @AfterMethod tearDown -->
  <testcase name="@BeforeMethod setUp" time="0.0" classname="com.blazedemo.test.HomePageTest">
    <skipped/>
  </testcase> <!-- @BeforeMethod setUp -->
  <testcase name="@AfterMethod tearDown" time="0.0" classname="com.blazedemo.test.HomePageTest">
    <skipped/>
  </testcase> <!-- @AfterMethod tearDown -->
  <testcase name="@BeforeMethod setUp" time="0.0" classname="com.blazedemo.test.ProductDetailsPageTest">
    <failure type="java.lang.IllegalStateException" message="The driver executable does not exist: C:\Users\prate\workspace\BalzeDemoAutomation\src\main\java\com\blazedemo\executaable\chromedriver_win32.zip">
      <![CDATA[java.lang.IllegalStateException: The driver executable does not exist: C:\Users\prate\workspace\BalzeDemoAutomation\src\main\java\com\blazedemo\executaable\chromedriver_win32.zip
	at com.google.common.base.Preconditions.checkState(Preconditions.java:585)
	at org.openqa.selenium.remote.service.DriverService.checkExecutable(DriverService.java:146)
	at org.openqa.selenium.remote.service.DriverService.findExecutable(DriverService.java:141)
	at org.openqa.selenium.chrome.ChromeDriverService.access$000(ChromeDriverService.java:35)
	at org.openqa.selenium.chrome.ChromeDriverService$Builder.findDefaultExecutable(ChromeDriverService.java:159)
	at org.openqa.selenium.remote.service.DriverService$Builder.build(DriverService.java:355)
	at org.openqa.selenium.chrome.ChromeDriverService.createDefaultService(ChromeDriverService.java:94)
	at org.openqa.selenium.chrome.ChromeDriver.<init>(ChromeDriver.java:123)
	at com.blazedemo.base.Base.Initlialize(Base.java:44)
	at com.blazedemo.test.ProductDetailsPageTest.setUp(ProductDetailsPageTest.java:30)
... Removed 27 stack frames]]>
    </failure>
  </testcase> <!-- @BeforeMethod setUp -->
  <testcase name="@AfterMethod tearDown" time="0.0" classname="com.blazedemo.test.ProductDetailsPageTest">
    <skipped/>
  </testcase> <!-- @AfterMethod tearDown -->
  <testcase name="@BeforeMethod setUp" time="0.0" classname="com.blazedemo.test.ProductDetailsPageTest">
    <skipped/>
  </testcase> <!-- @BeforeMethod setUp -->
  <testcase name="@AfterMethod tearDown" time="0.0" classname="com.blazedemo.test.ProductDetailsPageTest">
    <skipped/>
  </testcase> <!-- @AfterMethod tearDown -->
  <testcase name="@BeforeMethod setUp" time="0.0" classname="com.blazedemo.test.ProductDetailsPageTest">
    <skipped/>
  </testcase> <!-- @BeforeMethod setUp -->
  <testcase name="@AfterMethod tearDown" time="0.0" classname="com.blazedemo.test.ProductDetailsPageTest">
    <skipped/>
  </testcase> <!-- @AfterMethod tearDown -->
  <testcase name="@BeforeMethod setUp" time="0.0" classname="com.blazedemo.test.ProductDetailsPageTest">
    <skipped/>
  </testcase> <!-- @BeforeMethod setUp -->
  <testcase name="@AfterMethod tearDown" time="0.0" classname="com.blazedemo.test.ProductDetailsPageTest">
    <skipped/>
  </testcase> <!-- @AfterMethod tearDown -->
  <testcase name="@BeforeMethod setUp" time="0.0" classname="com.blazedemo.test.ProductDetailsPageTest">
    <skipped/>
  </testcase> <!-- @BeforeMethod setUp -->
  <testcase name="@AfterMethod tearDown" time="0.0" classname="com.blazedemo.test.ProductDetailsPageTest">
    <skipped/>
  </testcase> <!-- @AfterMethod tearDown -->
  <testcase name="@BeforeMethod setUp" time="0.0" classname="com.blazedemo.test.ProductDetailsPageTest">
    <skipped/>
  </testcase> <!-- @BeforeMethod setUp -->
  <testcase name="@AfterMethod tearDown" time="0.0" classname="com.blazedemo.test.ProductDetailsPageTest">
    <skipped/>
  </testcase> <!-- @AfterMethod tearDown -->
  <testcase name="@BeforeMethod setUp" time="0.0" classname="com.blazedemo.test.ProductDetailsPageTest">
    <skipped/>
  </testcase> <!-- @BeforeMethod setUp -->
  <testcase name="@AfterMethod tearDown" time="0.0" classname="com.blazedemo.test.ProductDetailsPageTest">
    <skipped/>
  </testcase> <!-- @AfterMethod tearDown -->
  <testcase name="@BeforeMethod setUp" time="0.0" classname="com.blazedemo.test.ProductDetailsPageTest">
    <skipped/>
  </testcase> <!-- @BeforeMethod setUp -->
  <testcase name="@AfterMethod tearDown" time="0.0" classname="com.blazedemo.test.ProductDetailsPageTest">
    <skipped/>
  </testcase> <!-- @AfterMethod tearDown -->
  <testcase name="@BeforeMethod setUp" time="0.0" classname="com.blazedemo.test.ProductDetailsPageTest">
    <skipped/>
  </testcase> <!-- @BeforeMethod setUp -->
  <testcase name="@AfterMethod tearDown" time="0.0" classname="com.blazedemo.test.ProductDetailsPageTest">
    <skipped/>
  </testcase> <!-- @AfterMethod tearDown -->
  <testcase name="@BeforeMethod setUp" time="0.0" classname="com.blazedemo.test.ProductDetailsPageTest">
    <skipped/>
  </testcase> <!-- @BeforeMethod setUp -->
  <testcase name="@AfterMethod tearDown" time="0.0" classname="com.blazedemo.test.ProductDetailsPageTest">
    <skipped/>
  </testcase> <!-- @AfterMethod tearDown -->
  <testcase name="validateSingUpFunctioanlityTest" time="0.001" classname="com.blazedemo.test.HomePageTest">
    <skipped/>
  </testcase> <!-- validateSingUpFunctioanlityTest -->
  <testcase name="validateLoginFunctionalityTest" time="0.001" classname="com.blazedemo.test.HomePageTest">
    <skipped/>
  </testcase> <!-- validateLoginFunctionalityTest -->
  <testcase name="validateScrollingFunctionalityTest" time="0.0" classname="com.blazedemo.test.HomePageTest">
    <skipped/>
  </testcase> <!-- validateScrollingFunctionalityTest -->
  <testcase name="validaateClickOnNokiaTest" time="0.001" classname="com.blazedemo.test.HomePageTest">
    <skipped/>
  </testcase> <!-- validaateClickOnNokiaTest -->
  <testcase name="validateLoginFunctionalityTest" time="0.0" classname="com.blazedemo.test.ProductDetailsPageTest">
    <skipped/>
  </testcase> <!-- validateLoginFunctionalityTest -->
  <testcase name="validateNokiaLumiaText" time="0.001" classname="com.blazedemo.test.ProductDetailsPageTest">
    <skipped/>
  </testcase> <!-- validateNokiaLumiaText -->
  <testcase name="validateNokiaPriceTest" time="0.0" classname="com.blazedemo.test.ProductDetailsPageTest">
    <skipped/>
  </testcase> <!-- validateNokiaPriceTest -->
  <testcase name="validateAddToCartTest" time="0.001" classname="com.blazedemo.test.ProductDetailsPageTest">
    <skipped/>
  </testcase> <!-- validateAddToCartTest -->
  <testcase name="validateMacBookairText" time="0.001" classname="com.blazedemo.test.ProductDetailsPageTest">
    <skipped/>
  </testcase> <!-- validateMacBookairText -->
  <testcase name="validateMacBookairPriceTest" time="0.001" classname="com.blazedemo.test.ProductDetailsPageTest">
    <skipped/>
  </testcase> <!-- validateMacBookairPriceTest -->
  <testcase name="validaateMacbookairAddToCartTest" time="0.001" classname="com.blazedemo.test.ProductDetailsPageTest">
    <skipped/>
  </testcase> <!-- validaateMacbookairAddToCartTest -->
  <testcase name="validaateAsusTextTest" time="0.001" classname="com.blazedemo.test.ProductDetailsPageTest">
    <skipped/>
  </testcase> <!-- validaateAsusTextTest -->
  <testcase name="validateAsusPriceTest" time="0.001" classname="com.blazedemo.test.ProductDetailsPageTest">
    <skipped/>
  </testcase> <!-- validateAsusPriceTest -->
  <testcase name="vallidateAsusCartTest" time="0.001" classname="com.blazedemo.test.ProductDetailsPageTest">
    <skipped/>
  </testcase> <!-- vallidateAsusCartTest -->
</testsuite> <!-- Test -->
